<?xml version="1.0" encoding="UTF-8"?>
<!-- Generated by org.testng.reporters.JUnitReportReporter -->
<testsuite hostname="NIN006414" failures="0" tests="3" name="projectname.base.testcase2" time="1.366" errors="0" timestamp="2021-09-02T09:56:15 IST" skipped="0">
  <testcase classname="projectname.base.testcase2" name="testcase3" time="0.405"/>
  <system-out/>
  <testcase classname="projectname.base.testcase2" name="testcase3" time="0.418"/>
  <system-out/>
  <testcase classname="projectname.base.testcase2" name="testcase3" time="0.543"/>
  <system-out/>
</testsuite> <!-- projectname.base.testcase2 -->
