<?xml version="1.0" encoding="UTF-8"?>
<!-- Generated by org.testng.reporters.JUnitReportReporter -->
<testsuite hostname="NIN006414" failures="0" tests="3" name="projectname.base.testcase2" time="2.080" errors="0" timestamp="2021-09-01T14:38:57 IST" skipped="0">
  <testcase classname="projectname.base.testcase2" name="testcase3" time="0.711"/>
  <system-out/>
  <testcase classname="projectname.base.testcase2" name="testcase3" time="0.697"/>
  <system-out/>
  <testcase classname="projectname.base.testcase2" name="testcase3" time="0.672"/>
  <system-out/>
</testsuite> <!-- projectname.base.testcase2 -->
